<?xml version="1.0" encoding="UTF-8"?>
<!-- Generated by org.testng.reporters.JUnitReportReporter -->
<testsuite hostname="Lipikachawla" name="testCases.testClassDelete" tests="2" failures="0" timestamp="31 Oct 2019 13:07:56 GMT" time="4.826" errors="0">
  <testcase name="request" time="4.802" classname="testCases.testClassDelete"/>
  <testcase name="response" time="0.024" classname="testCases.testClassDelete"/>
</testsuite> <!-- testCases.testClassDelete -->
